c:\projects\konfiskat\checker\vs2013\x64\release\vc140.pdb
c:\projects\konfiskat\checker\vs2013\x64\release\cvtrack.obj
c:\projects\konfiskat\checker\vs2013\x64\release\cvlabel.obj
c:\projects\konfiskat\checker\vs2013\x64\release\cvcontour.obj
c:\projects\konfiskat\checker\vs2013\x64\release\cvcolor.obj
c:\projects\konfiskat\checker\vs2013\x64\release\cvblob.obj
c:\projects\konfiskat\checker\vs2013\x64\release\cvaux.obj
c:\projects\konfiskat\checker\vs2013\x64\release\blobtracking.obj
c:\projects\konfiskat\checker\vs2013\x64\release\pixelbasedadaptivesegmenter.obj
c:\projects\konfiskat\checker\vs2013\x64\release\pbas.obj
c:\projects\konfiskat\checker\vs2013\x64\release\vehiclecouting.obj
c:\projects\konfiskat\checker\vs2013\x64\release\main.obj
c:\projects\konfiskat\checker\vs2013\\..\checker.exe
c:\projects\konfiskat\checker\vs2013\x64\release\project.tlog\cl.command.1.tlog
c:\projects\konfiskat\checker\vs2013\x64\release\project.tlog\cl.read.1.tlog
c:\projects\konfiskat\checker\vs2013\x64\release\project.tlog\cl.write.1.tlog
c:\projects\konfiskat\checker\vs2013\x64\release\project.tlog\link.command.1.tlog
c:\projects\konfiskat\checker\vs2013\x64\release\project.tlog\link.read.1.tlog
c:\projects\konfiskat\checker\vs2013\x64\release\project.tlog\link.read.3.tlog
c:\projects\konfiskat\checker\vs2013\x64\release\project.tlog\link.read.4.tlog
c:\projects\konfiskat\checker\vs2013\x64\release\project.tlog\link.write.1.tlog
