C:\Program Files (x86)\MSBuild\Microsoft.Cpp\v4.0\V140\Microsoft.CppBuild.targets(368,5): warning MSB8004: Output Directory does not end with a trailing slash.  This build instance will add the slash as it is required to allow proper evaluation of the Output Directory.
  Main.cpp
e:\projects\checker\include\opencv2\flann\logger.h(66): warning C4996: 'fopen': This function or variable may be unsafe. Consider using fopen_s instead. To disable deprecation, use _CRT_SECURE_NO_WARNINGS. See online help for details.
  C:\Program Files (x86)\Windows Kits\10\Include\10.0.10240.0\ucrt\stdio.h(205): note:  см. объявление "fopen"
..\Main.cpp(63): warning C4244: инициализация: преобразование "double" в "int", возможна потеря данных
..\Main.cpp(64): warning C4244: инициализация: преобразование "double" в "int", возможна потеря данных
..\Main.cpp(65): warning C4244: инициализация: преобразование "double" в "int", возможна потеря данных
..\Main.cpp(101): warning C4244: инициализация: преобразование "double" в "float", возможна потеря данных
..\Main.cpp(101): warning C4244: инициализация: преобразование "double" в "const float", возможна потеря данных
..\Main.cpp(203): warning C4244: инициализация: преобразование "float" в "int", возможна потеря данных
..\Main.cpp(204): warning C4244: инициализация: преобразование "float" в "int", возможна потеря данных
..\Main.cpp(205): warning C4244: инициализация: преобразование "float" в "int", возможна потеря данных
..\Main.cpp(206): warning C4244: инициализация: преобразование "float" в "int", возможна потеря данных
..\Main.cpp(226): warning C4129: %: неизвестная escape-последовательность
..\Main.cpp(48): warning C4996: 'sprintf': This function or variable may be unsafe. Consider using sprintf_s instead. To disable deprecation, use _CRT_SECURE_NO_WARNINGS. See online help for details.
  C:\Program Files (x86)\Windows Kits\10\Include\10.0.10240.0\ucrt\stdio.h(1769): note:  см. объявление "sprintf"
..\Main.cpp(133): warning C4996: 'sprintf': This function or variable may be unsafe. Consider using sprintf_s instead. To disable deprecation, use _CRT_SECURE_NO_WARNINGS. See online help for details.
  C:\Program Files (x86)\Windows Kits\10\Include\10.0.10240.0\ucrt\stdio.h(1769): note:  см. объявление "sprintf"
..\Main.cpp(223): warning C4996: 'sprintf': This function or variable may be unsafe. Consider using sprintf_s instead. To disable deprecation, use _CRT_SECURE_NO_WARNINGS. See online help for details.
  C:\Program Files (x86)\Windows Kits\10\Include\10.0.10240.0\ucrt\stdio.h(1769): note:  см. объявление "sprintf"
..\Main.cpp(224): warning C4996: 'mkdir': The POSIX name for this item is deprecated. Instead, use the ISO C and C++ conformant name: _mkdir. See online help for details.
  C:\Program Files (x86)\Windows Kits\10\Include\10.0.10240.0\ucrt\direct.h(108): note:  см. объявление "mkdir"
..\Main.cpp(226): warning C4996: 'sprintf': This function or variable may be unsafe. Consider using sprintf_s instead. To disable deprecation, use _CRT_SECURE_NO_WARNINGS. See online help for details.
  C:\Program Files (x86)\Windows Kits\10\Include\10.0.10240.0\ucrt\stdio.h(1769): note:  см. объявление "sprintf"
  Создание кода
e:\projects\checker\package_tracking\cvblob\cvlabel.cpp(361): warning C4715: cvLabel: значение возвращается не при всех путях выполнения
  23 of 2380 functions ( 1.0%) were compiled, the rest were copied from previous compilation.
    0 functions were new in current compilation
    5 functions had inline decision re-evaluated but remain unchanged
  Создание кода завершено
IlmImf.lib(half.obj) : warning LNK4099: "IlmImf.pdb" PDB не найден с "IlmImf.lib(half.obj)" или на "E:\Projects\checker\IlmImf.pdb"; компоновка объекта выполняется как при отсутствии отладочных данных
IlmImf.lib(IexBaseExc.obj) : warning LNK4099: "IlmImf.pdb" PDB не найден с "IlmImf.lib(IexBaseExc.obj)" или на "E:\Projects\checker\IlmImf.pdb"; компоновка объекта выполняется как при отсутствии отладочных данных
IlmImf.lib(IexThrowErrnoExc.obj) : warning LNK4099: "IlmImf.pdb" PDB не найден с "IlmImf.lib(IexThrowErrnoExc.obj)" или на "E:\Projects\checker\IlmImf.pdb"; компоновка объекта выполняется как при отсутствии отладочных данных
IlmImf.lib(IlmThreadMutexWin32.obj) : warning LNK4099: "IlmImf.pdb" PDB не найден с "IlmImf.lib(IlmThreadMutexWin32.obj)" или на "E:\Projects\checker\IlmImf.pdb"; компоновка объекта выполняется как при отсутствии отладочных данных
IlmImf.lib(IlmThreadPool.obj) : warning LNK4099: "IlmImf.pdb" PDB не найден с "IlmImf.lib(IlmThreadPool.obj)" или на "E:\Projects\checker\IlmImf.pdb"; компоновка объекта выполняется как при отсутствии отладочных данных
IlmImf.lib(IlmThreadSemaphoreWin32.obj) : warning LNK4099: "IlmImf.pdb" PDB не найден с "IlmImf.lib(IlmThreadSemaphoreWin32.obj)" или на "E:\Projects\checker\IlmImf.pdb"; компоновка объекта выполняется как при отсутствии отладочных данных
IlmImf.lib(IlmThreadWin32.obj) : warning LNK4099: "IlmImf.pdb" PDB не найден с "IlmImf.lib(IlmThreadWin32.obj)" или на "E:\Projects\checker\IlmImf.pdb"; компоновка объекта выполняется как при отсутствии отладочных данных
IlmImf.lib(ImfAttribute.obj) : warning LNK4099: "IlmImf.pdb" PDB не найден с "IlmImf.lib(ImfAttribute.obj)" или на "E:\Projects\checker\IlmImf.pdb"; компоновка объекта выполняется как при отсутствии отладочных данных
IlmImf.lib(ImfB44Compressor.obj) : warning LNK4099: "IlmImf.pdb" PDB не найден с "IlmImf.lib(ImfB44Compressor.obj)" или на "E:\Projects\checker\IlmImf.pdb"; компоновка объекта выполняется как при отсутствии отладочных данных
IlmImf.lib(ImfBoxAttribute.obj) : warning LNK4099: "IlmImf.pdb" PDB не найден с "IlmImf.lib(ImfBoxAttribute.obj)" или на "E:\Projects\checker\IlmImf.pdb"; компоновка объекта выполняется как при отсутствии отладочных данных
IlmImf.lib(ImfChannelList.obj) : warning LNK4099: "IlmImf.pdb" PDB не найден с "IlmImf.lib(ImfChannelList.obj)" или на "E:\Projects\checker\IlmImf.pdb"; компоновка объекта выполняется как при отсутствии отладочных данных
IlmImf.lib(ImfChannelListAttribute.obj) : warning LNK4099: "IlmImf.pdb" PDB не найден с "IlmImf.lib(ImfChannelListAttribute.obj)" или на "E:\Projects\checker\IlmImf.pdb"; компоновка объекта выполняется как при отсутствии отладочных данных
IlmImf.lib(ImfChromaticities.obj) : warning LNK4099: "IlmImf.pdb" PDB не найден с "IlmImf.lib(ImfChromaticities.obj)" или на "E:\Projects\checker\IlmImf.pdb"; компоновка объекта выполняется как при отсутствии отладочных данных
IlmImf.lib(ImfChromaticitiesAttribute.obj) : warning LNK4099: "IlmImf.pdb" PDB не найден с "IlmImf.lib(ImfChromaticitiesAttribute.obj)" или на "E:\Projects\checker\IlmImf.pdb"; компоновка объекта выполняется как при отсутствии отладочных данных
IlmImf.lib(ImfCompressionAttribute.obj) : warning LNK4099: "IlmImf.pdb" PDB не найден с "IlmImf.lib(ImfCompressionAttribute.obj)" или на "E:\Projects\checker\IlmImf.pdb"; компоновка объекта выполняется как при отсутствии отладочных данных
IlmImf.lib(ImfCompressor.obj) : warning LNK4099: "IlmImf.pdb" PDB не найден с "IlmImf.lib(ImfCompressor.obj)" или на "E:\Projects\checker\IlmImf.pdb"; компоновка объекта выполняется как при отсутствии отладочных данных
IlmImf.lib(ImfConvert.obj) : warning LNK4099: "IlmImf.pdb" PDB не найден с "IlmImf.lib(ImfConvert.obj)" или на "E:\Projects\checker\IlmImf.pdb"; компоновка объекта выполняется как при отсутствии отладочных данных
IlmImf.lib(ImfDoubleAttribute.obj) : warning LNK4099: "IlmImf.pdb" PDB не найден с "IlmImf.lib(ImfDoubleAttribute.obj)" или на "E:\Projects\checker\IlmImf.pdb"; компоновка объекта выполняется как при отсутствии отладочных данных
IlmImf.lib(ImfEnvmapAttribute.obj) : warning LNK4099: "IlmImf.pdb" PDB не найден с "IlmImf.lib(ImfEnvmapAttribute.obj)" или на "E:\Projects\checker\IlmImf.pdb"; компоновка объекта выполняется как при отсутствии отладочных данных
IlmImf.lib(ImfFloatAttribute.obj) : warning LNK4099: "IlmImf.pdb" PDB не найден с "IlmImf.lib(ImfFloatAttribute.obj)" или на "E:\Projects\checker\IlmImf.pdb"; компоновка объекта выполняется как при отсутствии отладочных данных
IlmImf.lib(ImfFrameBuffer.obj) : warning LNK4099: "IlmImf.pdb" PDB не найден с "IlmImf.lib(ImfFrameBuffer.obj)" или на "E:\Projects\checker\IlmImf.pdb"; компоновка объекта выполняется как при отсутствии отладочных данных
IlmImf.lib(ImfHeader.obj) : warning LNK4099: "IlmImf.pdb" PDB не найден с "IlmImf.lib(ImfHeader.obj)" или на "E:\Projects\checker\IlmImf.pdb"; компоновка объекта выполняется как при отсутствии отладочных данных
IlmImf.lib(ImfHuf.obj) : warning LNK4099: "IlmImf.pdb" PDB не найден с "IlmImf.lib(ImfHuf.obj)" или на "E:\Projects\checker\IlmImf.pdb"; компоновка объекта выполняется как при отсутствии отладочных данных
IlmImf.lib(ImfIO.obj) : warning LNK4099: "IlmImf.pdb" PDB не найден с "IlmImf.lib(ImfIO.obj)" или на "E:\Projects\checker\IlmImf.pdb"; компоновка объекта выполняется как при отсутствии отладочных данных
IlmImf.lib(ImfInputFile.obj) : warning LNK4099: "IlmImf.pdb" PDB не найден с "IlmImf.lib(ImfInputFile.obj)" или на "E:\Projects\checker\IlmImf.pdb"; компоновка объекта выполняется как при отсутствии отладочных данных
IlmImf.lib(ImfIntAttribute.obj) : warning LNK4099: "IlmImf.pdb" PDB не найден с "IlmImf.lib(ImfIntAttribute.obj)" или на "E:\Projects\checker\IlmImf.pdb"; компоновка объекта выполняется как при отсутствии отладочных данных
IlmImf.lib(ImfKeyCode.obj) : warning LNK4099: "IlmImf.pdb" PDB не найден с "IlmImf.lib(ImfKeyCode.obj)" или на "E:\Projects\checker\IlmImf.pdb"; компоновка объекта выполняется как при отсутствии отладочных данных
IlmImf.lib(ImfKeyCodeAttribute.obj) : warning LNK4099: "IlmImf.pdb" PDB не найден с "IlmImf.lib(ImfKeyCodeAttribute.obj)" или на "E:\Projects\checker\IlmImf.pdb"; компоновка объекта выполняется как при отсутствии отладочных данных
IlmImf.lib(ImfLineOrderAttribute.obj) : warning LNK4099: "IlmImf.pdb" PDB не найден с "IlmImf.lib(ImfLineOrderAttribute.obj)" или на "E:\Projects\checker\IlmImf.pdb"; компоновка объекта выполняется как при отсутствии отладочных данных
IlmImf.lib(ImfMatrixAttribute.obj) : warning LNK4099: "IlmImf.pdb" PDB не найден с "IlmImf.lib(ImfMatrixAttribute.obj)" или на "E:\Projects\checker\IlmImf.pdb"; компоновка объекта выполняется как при отсутствии отладочных данных
IlmImf.lib(ImfMisc.obj) : warning LNK4099: "IlmImf.pdb" PDB не найден с "IlmImf.lib(ImfMisc.obj)" или на "E:\Projects\checker\IlmImf.pdb"; компоновка объекта выполняется как при отсутствии отладочных данных
IlmImf.lib(ImfOpaqueAttribute.obj) : warning LNK4099: "IlmImf.pdb" PDB не найден с "IlmImf.lib(ImfOpaqueAttribute.obj)" или на "E:\Projects\checker\IlmImf.pdb"; компоновка объекта выполняется как при отсутствии отладочных данных
IlmImf.lib(ImfOutputFile.obj) : warning LNK4099: "IlmImf.pdb" PDB не найден с "IlmImf.lib(ImfOutputFile.obj)" или на "E:\Projects\checker\IlmImf.pdb"; компоновка объекта выполняется как при отсутствии отладочных данных
IlmImf.lib(ImfPizCompressor.obj) : warning LNK4099: "IlmImf.pdb" PDB не найден с "IlmImf.lib(ImfPizCompressor.obj)" или на "E:\Projects\checker\IlmImf.pdb"; компоновка объекта выполняется как при отсутствии отладочных данных
IlmImf.lib(ImfPreviewImage.obj) : warning LNK4099: "IlmImf.pdb" PDB не найден с "IlmImf.lib(ImfPreviewImage.obj)" или на "E:\Projects\checker\IlmImf.pdb"; компоновка объекта выполняется как при отсутствии отладочных данных
IlmImf.lib(ImfPreviewImageAttribute.obj) : warning LNK4099: "IlmImf.pdb" PDB не найден с "IlmImf.lib(ImfPreviewImageAttribute.obj)" или на "E:\Projects\checker\IlmImf.pdb"; компоновка объекта выполняется как при отсутствии отладочных данных
IlmImf.lib(ImfPxr24Compressor.obj) : warning LNK4099: "IlmImf.pdb" PDB не найден с "IlmImf.lib(ImfPxr24Compressor.obj)" или на "E:\Projects\checker\IlmImf.pdb"; компоновка объекта выполняется как при отсутствии отладочных данных
IlmImf.lib(ImfRationalAttribute.obj) : warning LNK4099: "IlmImf.pdb" PDB не найден с "IlmImf.lib(ImfRationalAttribute.obj)" или на "E:\Projects\checker\IlmImf.pdb"; компоновка объекта выполняется как при отсутствии отладочных данных
IlmImf.lib(ImfRleCompressor.obj) : warning LNK4099: "IlmImf.pdb" PDB не найден с "IlmImf.lib(ImfRleCompressor.obj)" или на "E:\Projects\checker\IlmImf.pdb"; компоновка объекта выполняется как при отсутствии отладочных данных
IlmImf.lib(ImfScanLineInputFile.obj) : warning LNK4099: "IlmImf.pdb" PDB не найден с "IlmImf.lib(ImfScanLineInputFile.obj)" или на "E:\Projects\checker\IlmImf.pdb"; компоновка объекта выполняется как при отсутствии отладочных данных
IlmImf.lib(ImfStandardAttributes.obj) : warning LNK4099: "IlmImf.pdb" PDB не найден с "IlmImf.lib(ImfStandardAttributes.obj)" или на "E:\Projects\checker\IlmImf.pdb"; компоновка объекта выполняется как при отсутствии отладочных данных
IlmImf.lib(ImfStdIO.obj) : warning LNK4099: "IlmImf.pdb" PDB не найден с "IlmImf.lib(ImfStdIO.obj)" или на "E:\Projects\checker\IlmImf.pdb"; компоновка объекта выполняется как при отсутствии отладочных данных
IlmImf.lib(ImfStringAttribute.obj) : warning LNK4099: "IlmImf.pdb" PDB не найден с "IlmImf.lib(ImfStringAttribute.obj)" или на "E:\Projects\checker\IlmImf.pdb"; компоновка объекта выполняется как при отсутствии отладочных данных
IlmImf.lib(ImfStringVectorAttribute.obj) : warning LNK4099: "IlmImf.pdb" PDB не найден с "IlmImf.lib(ImfStringVectorAttribute.obj)" или на "E:\Projects\checker\IlmImf.pdb"; компоновка объекта выполняется как при отсутствии отладочных данных
IlmImf.lib(ImfThreading.obj) : warning LNK4099: "IlmImf.pdb" PDB не найден с "IlmImf.lib(ImfThreading.obj)" или на "E:\Projects\checker\IlmImf.pdb"; компоновка объекта выполняется как при отсутствии отладочных данных
IlmImf.lib(ImfTileDescriptionAttribute.obj) : warning LNK4099: "IlmImf.pdb" PDB не найден с "IlmImf.lib(ImfTileDescriptionAttribute.obj)" или на "E:\Projects\checker\IlmImf.pdb"; компоновка объекта выполняется как при отсутствии отладочных данных
IlmImf.lib(ImfTileOffsets.obj) : warning LNK4099: "IlmImf.pdb" PDB не найден с "IlmImf.lib(ImfTileOffsets.obj)" или на "E:\Projects\checker\IlmImf.pdb"; компоновка объекта выполняется как при отсутствии отладочных данных
IlmImf.lib(ImfTiledInputFile.obj) : warning LNK4099: "IlmImf.pdb" PDB не найден с "IlmImf.lib(ImfTiledInputFile.obj)" или на "E:\Projects\checker\IlmImf.pdb"; компоновка объекта выполняется как при отсутствии отладочных данных
IlmImf.lib(ImfTiledMisc.obj) : warning LNK4099: "IlmImf.pdb" PDB не найден с "IlmImf.lib(ImfTiledMisc.obj)" или на "E:\Projects\checker\IlmImf.pdb"; компоновка объекта выполняется как при отсутствии отладочных данных
IlmImf.lib(ImfTimeCode.obj) : warning LNK4099: "IlmImf.pdb" PDB не найден с "IlmImf.lib(ImfTimeCode.obj)" или на "E:\Projects\checker\IlmImf.pdb"; компоновка объекта выполняется как при отсутствии отладочных данных
IlmImf.lib(ImfTimeCodeAttribute.obj) : warning LNK4099: "IlmImf.pdb" PDB не найден с "IlmImf.lib(ImfTimeCodeAttribute.obj)" или на "E:\Projects\checker\IlmImf.pdb"; компоновка объекта выполняется как при отсутствии отладочных данных
IlmImf.lib(ImfVecAttribute.obj) : warning LNK4099: "IlmImf.pdb" PDB не найден с "IlmImf.lib(ImfVecAttribute.obj)" или на "E:\Projects\checker\IlmImf.pdb"; компоновка объекта выполняется как при отсутствии отладочных данных
IlmImf.lib(ImfWav.obj) : warning LNK4099: "IlmImf.pdb" PDB не найден с "IlmImf.lib(ImfWav.obj)" или на "E:\Projects\checker\IlmImf.pdb"; компоновка объекта выполняется как при отсутствии отладочных данных
IlmImf.lib(ImfZipCompressor.obj) : warning LNK4099: "IlmImf.pdb" PDB не найден с "IlmImf.lib(ImfZipCompressor.obj)" или на "E:\Projects\checker\IlmImf.pdb"; компоновка объекта выполняется как при отсутствии отладочных данных
libjasper.lib(jas_cm.obj) : warning LNK4099: "libjasper.pdb" PDB не найден с "libjasper.lib(jas_cm.obj)" или на "E:\Projects\checker\libjasper.pdb"; компоновка объекта выполняется как при отсутствии отладочных данных
libjasper.lib(jas_debug.obj) : warning LNK4099: "libjasper.pdb" PDB не найден с "libjasper.lib(jas_debug.obj)" или на "E:\Projects\checker\libjasper.pdb"; компоновка объекта выполняется как при отсутствии отладочных данных
libjasper.lib(jas_icc.obj) : warning LNK4099: "libjasper.pdb" PDB не найден с "libjasper.lib(jas_icc.obj)" или на "E:\Projects\checker\libjasper.pdb"; компоновка объекта выполняется как при отсутствии отладочных данных
libjasper.lib(jas_iccdata.obj) : warning LNK4099: "libjasper.pdb" PDB не найден с "libjasper.lib(jas_iccdata.obj)" или на "E:\Projects\checker\libjasper.pdb"; компоновка объекта выполняется как при отсутствии отладочных данных
libjasper.lib(jas_image.obj) : warning LNK4099: "libjasper.pdb" PDB не найден с "libjasper.lib(jas_image.obj)" или на "E:\Projects\checker\libjasper.pdb"; компоновка объекта выполняется как при отсутствии отладочных данных
libjasper.lib(jas_init.obj) : warning LNK4099: "libjasper.pdb" PDB не найден с "libjasper.lib(jas_init.obj)" или на "E:\Projects\checker\libjasper.pdb"; компоновка объекта выполняется как при отсутствии отладочных данных
libjasper.lib(jas_malloc.obj) : warning LNK4099: "libjasper.pdb" PDB не найден с "libjasper.lib(jas_malloc.obj)" или на "E:\Projects\checker\libjasper.pdb"; компоновка объекта выполняется как при отсутствии отладочных данных
libjasper.lib(jas_seq.obj) : warning LNK4099: "libjasper.pdb" PDB не найден с "libjasper.lib(jas_seq.obj)" или на "E:\Projects\checker\libjasper.pdb"; компоновка объекта выполняется как при отсутствии отладочных данных
libjasper.lib(jas_stream.obj) : warning LNK4099: "libjasper.pdb" PDB не найден с "libjasper.lib(jas_stream.obj)" или на "E:\Projects\checker\libjasper.pdb"; компоновка объекта выполняется как при отсутствии отладочных данных
libjasper.lib(jas_string.obj) : warning LNK4099: "libjasper.pdb" PDB не найден с "libjasper.lib(jas_string.obj)" или на "E:\Projects\checker\libjasper.pdb"; компоновка объекта выполняется как при отсутствии отладочных данных
libjasper.lib(jas_tvp.obj) : warning LNK4099: "libjasper.pdb" PDB не найден с "libjasper.lib(jas_tvp.obj)" или на "E:\Projects\checker\libjasper.pdb"; компоновка объекта выполняется как при отсутствии отладочных данных
libjasper.lib(jas_version.obj) : warning LNK4099: "libjasper.pdb" PDB не найден с "libjasper.lib(jas_version.obj)" или на "E:\Projects\checker\libjasper.pdb"; компоновка объекта выполняется как при отсутствии отладочных данных
libjasper.lib(jp2_cod.obj) : warning LNK4099: "libjasper.pdb" PDB не найден с "libjasper.lib(jp2_cod.obj)" или на "E:\Projects\checker\libjasper.pdb"; компоновка объекта выполняется как при отсутствии отладочных данных
libjasper.lib(jp2_dec.obj) : warning LNK4099: "libjasper.pdb" PDB не найден с "libjasper.lib(jp2_dec.obj)" или на "E:\Projects\checker\libjasper.pdb"; компоновка объекта выполняется как при отсутствии отладочных данных
libjasper.lib(jp2_enc.obj) : warning LNK4099: "libjasper.pdb" PDB не найден с "libjasper.lib(jp2_enc.obj)" или на "E:\Projects\checker\libjasper.pdb"; компоновка объекта выполняется как при отсутствии отладочных данных
libjasper.lib(jpc_bs.obj) : warning LNK4099: "libjasper.pdb" PDB не найден с "libjasper.lib(jpc_bs.obj)" или на "E:\Projects\checker\libjasper.pdb"; компоновка объекта выполняется как при отсутствии отладочных данных
libjasper.lib(jpc_cs.obj) : warning LNK4099: "libjasper.pdb" PDB не найден с "libjasper.lib(jpc_cs.obj)" или на "E:\Projects\checker\libjasper.pdb"; компоновка объекта выполняется как при отсутствии отладочных данных
libjasper.lib(jpc_dec.obj) : warning LNK4099: "libjasper.pdb" PDB не найден с "libjasper.lib(jpc_dec.obj)" или на "E:\Projects\checker\libjasper.pdb"; компоновка объекта выполняется как при отсутствии отладочных данных
libjasper.lib(jpc_enc.obj) : warning LNK4099: "libjasper.pdb" PDB не найден с "libjasper.lib(jpc_enc.obj)" или на "E:\Projects\checker\libjasper.pdb"; компоновка объекта выполняется как при отсутствии отладочных данных
libjasper.lib(jpc_math.obj) : warning LNK4099: "libjasper.pdb" PDB не найден с "libjasper.lib(jpc_math.obj)" или на "E:\Projects\checker\libjasper.pdb"; компоновка объекта выполняется как при отсутствии отладочных данных
libjasper.lib(jpc_mct.obj) : warning LNK4099: "libjasper.pdb" PDB не найден с "libjasper.lib(jpc_mct.obj)" или на "E:\Projects\checker\libjasper.pdb"; компоновка объекта выполняется как при отсутствии отладочных данных
libjasper.lib(jpc_mqcod.obj) : warning LNK4099: "libjasper.pdb" PDB не найден с "libjasper.lib(jpc_mqcod.obj)" или на "E:\Projects\checker\libjasper.pdb"; компоновка объекта выполняется как при отсутствии отладочных данных
libjasper.lib(jpc_mqdec.obj) : warning LNK4099: "libjasper.pdb" PDB не найден с "libjasper.lib(jpc_mqdec.obj)" или на "E:\Projects\checker\libjasper.pdb"; компоновка объекта выполняется как при отсутствии отладочных данных
libjasper.lib(jpc_mqenc.obj) : warning LNK4099: "libjasper.pdb" PDB не найден с "libjasper.lib(jpc_mqenc.obj)" или на "E:\Projects\checker\libjasper.pdb"; компоновка объекта выполняется как при отсутствии отладочных данных
libjasper.lib(jpc_qmfb.obj) : warning LNK4099: "libjasper.pdb" PDB не найден с "libjasper.lib(jpc_qmfb.obj)" или на "E:\Projects\checker\libjasper.pdb"; компоновка объекта выполняется как при отсутствии отладочных данных
libjasper.lib(jpc_t1cod.obj) : warning LNK4099: "libjasper.pdb" PDB не найден с "libjasper.lib(jpc_t1cod.obj)" или на "E:\Projects\checker\libjasper.pdb"; компоновка объекта выполняется как при отсутствии отладочных данных
libjasper.lib(jpc_t1dec.obj) : warning LNK4099: "libjasper.pdb" PDB не найден с "libjasper.lib(jpc_t1dec.obj)" или на "E:\Projects\checker\libjasper.pdb"; компоновка объекта выполняется как при отсутствии отладочных данных
libjasper.lib(jpc_t1enc.obj) : warning LNK4099: "libjasper.pdb" PDB не найден с "libjasper.lib(jpc_t1enc.obj)" или на "E:\Projects\checker\libjasper.pdb"; компоновка объекта выполняется как при отсутствии отладочных данных
libjasper.lib(jpc_t2cod.obj) : warning LNK4099: "libjasper.pdb" PDB не найден с "libjasper.lib(jpc_t2cod.obj)" или на "E:\Projects\checker\libjasper.pdb"; компоновка объекта выполняется как при отсутствии отладочных данных
libjasper.lib(jpc_t2dec.obj) : warning LNK4099: "libjasper.pdb" PDB не найден с "libjasper.lib(jpc_t2dec.obj)" или на "E:\Projects\checker\libjasper.pdb"; компоновка объекта выполняется как при отсутствии отладочных данных
libjasper.lib(jpc_t2enc.obj) : warning LNK4099: "libjasper.pdb" PDB не найден с "libjasper.lib(jpc_t2enc.obj)" или на "E:\Projects\checker\libjasper.pdb"; компоновка объекта выполняется как при отсутствии отладочных данных
libjasper.lib(jpc_tagtree.obj) : warning LNK4099: "libjasper.pdb" PDB не найден с "libjasper.lib(jpc_tagtree.obj)" или на "E:\Projects\checker\libjasper.pdb"; компоновка объекта выполняется как при отсутствии отладочных данных
libjasper.lib(jpc_tsfb.obj) : warning LNK4099: "libjasper.pdb" PDB не найден с "libjasper.lib(jpc_tsfb.obj)" или на "E:\Projects\checker\libjasper.pdb"; компоновка объекта выполняется как при отсутствии отладочных данных
libjasper.lib(jpc_util.obj) : warning LNK4099: "libjasper.pdb" PDB не найден с "libjasper.lib(jpc_util.obj)" или на "E:\Projects\checker\libjasper.pdb"; компоновка объекта выполняется как при отсутствии отладочных данных
libjpeg.lib(jcapimin.obj) : warning LNK4099: "libjpeg.pdb" PDB не найден с "libjpeg.lib(jcapimin.obj)" или на "E:\Projects\checker\libjpeg.pdb"; компоновка объекта выполняется как при отсутствии отладочных данных
libjpeg.lib(jcapistd.obj) : warning LNK4099: "libjpeg.pdb" PDB не найден с "libjpeg.lib(jcapistd.obj)" или на "E:\Projects\checker\libjpeg.pdb"; компоновка объекта выполняется как при отсутствии отладочных данных
libjpeg.lib(jccoefct.obj) : warning LNK4099: "libjpeg.pdb" PDB не найден с "libjpeg.lib(jccoefct.obj)" или на "E:\Projects\checker\libjpeg.pdb"; компоновка объекта выполняется как при отсутствии отладочных данных
libjpeg.lib(jccolor.obj) : warning LNK4099: "libjpeg.pdb" PDB не найден с "libjpeg.lib(jccolor.obj)" или на "E:\Projects\checker\libjpeg.pdb"; компоновка объекта выполняется как при отсутствии отладочных данных
libjpeg.lib(jcdctmgr.obj) : warning LNK4099: "libjpeg.pdb" PDB не найден с "libjpeg.lib(jcdctmgr.obj)" или на "E:\Projects\checker\libjpeg.pdb"; компоновка объекта выполняется как при отсутствии отладочных данных
libjpeg.lib(jchuff.obj) : warning LNK4099: "libjpeg.pdb" PDB не найден с "libjpeg.lib(jchuff.obj)" или на "E:\Projects\checker\libjpeg.pdb"; компоновка объекта выполняется как при отсутствии отладочных данных
libjpeg.lib(jcinit.obj) : warning LNK4099: "libjpeg.pdb" PDB не найден с "libjpeg.lib(jcinit.obj)" или на "E:\Projects\checker\libjpeg.pdb"; компоновка объекта выполняется как при отсутствии отладочных данных
libjpeg.lib(jcmainct.obj) : warning LNK4099: "libjpeg.pdb" PDB не найден с "libjpeg.lib(jcmainct.obj)" или на "E:\Projects\checker\libjpeg.pdb"; компоновка объекта выполняется как при отсутствии отладочных данных
libjpeg.lib(jcmarker.obj) : warning LNK4099: "libjpeg.pdb" PDB не найден с "libjpeg.lib(jcmarker.obj)" или на "E:\Projects\checker\libjpeg.pdb"; компоновка объекта выполняется как при отсутствии отладочных данных
libjpeg.lib(jcmaster.obj) : warning LNK4099: "libjpeg.pdb" PDB не найден с "libjpeg.lib(jcmaster.obj)" или на "E:\Projects\checker\libjpeg.pdb"; компоновка объекта выполняется как при отсутствии отладочных данных
libjpeg.lib(jcomapi.obj) : warning LNK4099: "libjpeg.pdb" PDB не найден с "libjpeg.lib(jcomapi.obj)" или на "E:\Projects\checker\libjpeg.pdb"; компоновка объекта выполняется как при отсутствии отладочных данных
libjpeg.lib(jcparam.obj) : warning LNK4099: "libjpeg.pdb" PDB не найден с "libjpeg.lib(jcparam.obj)" или на "E:\Projects\checker\libjpeg.pdb"; компоновка объекта выполняется как при отсутствии отладочных данных
libjpeg.lib(jcphuff.obj) : warning LNK4099: "libjpeg.pdb" PDB не найден с "libjpeg.lib(jcphuff.obj)" или на "E:\Projects\checker\libjpeg.pdb"; компоновка объекта выполняется как при отсутствии отладочных данных
libjpeg.lib(jcprepct.obj) : warning LNK4099: "libjpeg.pdb" PDB не найден с "libjpeg.lib(jcprepct.obj)" или на "E:\Projects\checker\libjpeg.pdb"; компоновка объекта выполняется как при отсутствии отладочных данных
libjpeg.lib(jcsample.obj) : warning LNK4099: "libjpeg.pdb" PDB не найден с "libjpeg.lib(jcsample.obj)" или на "E:\Projects\checker\libjpeg.pdb"; компоновка объекта выполняется как при отсутствии отладочных данных
libjpeg.lib(jdapimin.obj) : warning LNK4099: "libjpeg.pdb" PDB не найден с "libjpeg.lib(jdapimin.obj)" или на "E:\Projects\checker\libjpeg.pdb"; компоновка объекта выполняется как при отсутствии отладочных данных
libjpeg.lib(jdapistd.obj) : warning LNK4099: "libjpeg.pdb" PDB не найден с "libjpeg.lib(jdapistd.obj)" или на "E:\Projects\checker\libjpeg.pdb"; компоновка объекта выполняется как при отсутствии отладочных данных
libjpeg.lib(jdatadst.obj) : warning LNK4099: "libjpeg.pdb" PDB не найден с "libjpeg.lib(jdatadst.obj)" или на "E:\Projects\checker\libjpeg.pdb"; компоновка объекта выполняется как при отсутствии отладочных данных
libjpeg.lib(jdatasrc.obj) : warning LNK4099: "libjpeg.pdb" PDB не найден с "libjpeg.lib(jdatasrc.obj)" или на "E:\Projects\checker\libjpeg.pdb"; компоновка объекта выполняется как при отсутствии отладочных данных
libjpeg.lib(jdcoefct.obj) : warning LNK4099: "libjpeg.pdb" PDB не найден с "libjpeg.lib(jdcoefct.obj)" или на "E:\Projects\checker\libjpeg.pdb"; компоновка объекта выполняется как при отсутствии отладочных данных
libjpeg.lib(jdcolor.obj) : warning LNK4099: "libjpeg.pdb" PDB не найден с "libjpeg.lib(jdcolor.obj)" или на "E:\Projects\checker\libjpeg.pdb"; компоновка объекта выполняется как при отсутствии отладочных данных
libjpeg.lib(jddctmgr.obj) : warning LNK4099: "libjpeg.pdb" PDB не найден с "libjpeg.lib(jddctmgr.obj)" или на "E:\Projects\checker\libjpeg.pdb"; компоновка объекта выполняется как при отсутствии отладочных данных
libjpeg.lib(jdhuff.obj) : warning LNK4099: "libjpeg.pdb" PDB не найден с "libjpeg.lib(jdhuff.obj)" или на "E:\Projects\checker\libjpeg.pdb"; компоновка объекта выполняется как при отсутствии отладочных данных
libjpeg.lib(jdinput.obj) : warning LNK4099: "libjpeg.pdb" PDB не найден с "libjpeg.lib(jdinput.obj)" или на "E:\Projects\checker\libjpeg.pdb"; компоновка объекта выполняется как при отсутствии отладочных данных
libjpeg.lib(jdmainct.obj) : warning LNK4099: "libjpeg.pdb" PDB не найден с "libjpeg.lib(jdmainct.obj)" или на "E:\Projects\checker\libjpeg.pdb"; компоновка объекта выполняется как при отсутствии отладочных данных
libjpeg.lib(jdmarker.obj) : warning LNK4099: "libjpeg.pdb" PDB не найден с "libjpeg.lib(jdmarker.obj)" или на "E:\Projects\checker\libjpeg.pdb"; компоновка объекта выполняется как при отсутствии отладочных данных
libjpeg.lib(jdmaster.obj) : warning LNK4099: "libjpeg.pdb" PDB не найден с "libjpeg.lib(jdmaster.obj)" или на "E:\Projects\checker\libjpeg.pdb"; компоновка объекта выполняется как при отсутствии отладочных данных
libjpeg.lib(jdmerge.obj) : warning LNK4099: "libjpeg.pdb" PDB не найден с "libjpeg.lib(jdmerge.obj)" или на "E:\Projects\checker\libjpeg.pdb"; компоновка объекта выполняется как при отсутствии отладочных данных
libjpeg.lib(jdphuff.obj) : warning LNK4099: "libjpeg.pdb" PDB не найден с "libjpeg.lib(jdphuff.obj)" или на "E:\Projects\checker\libjpeg.pdb"; компоновка объекта выполняется как при отсутствии отладочных данных
libjpeg.lib(jdpostct.obj) : warning LNK4099: "libjpeg.pdb" PDB не найден с "libjpeg.lib(jdpostct.obj)" или на "E:\Projects\checker\libjpeg.pdb"; компоновка объекта выполняется как при отсутствии отладочных данных
libjpeg.lib(jdsample.obj) : warning LNK4099: "libjpeg.pdb" PDB не найден с "libjpeg.lib(jdsample.obj)" или на "E:\Projects\checker\libjpeg.pdb"; компоновка объекта выполняется как при отсутствии отладочных данных
libjpeg.lib(jerror.obj) : warning LNK4099: "libjpeg.pdb" PDB не найден с "libjpeg.lib(jerror.obj)" или на "E:\Projects\checker\libjpeg.pdb"; компоновка объекта выполняется как при отсутствии отладочных данных
libjpeg.lib(jfdctflt.obj) : warning LNK4099: "libjpeg.pdb" PDB не найден с "libjpeg.lib(jfdctflt.obj)" или на "E:\Projects\checker\libjpeg.pdb"; компоновка объекта выполняется как при отсутствии отладочных данных
libjpeg.lib(jfdctfst.obj) : warning LNK4099: "libjpeg.pdb" PDB не найден с "libjpeg.lib(jfdctfst.obj)" или на "E:\Projects\checker\libjpeg.pdb"; компоновка объекта выполняется как при отсутствии отладочных данных
libjpeg.lib(jfdctint.obj) : warning LNK4099: "libjpeg.pdb" PDB не найден с "libjpeg.lib(jfdctint.obj)" или на "E:\Projects\checker\libjpeg.pdb"; компоновка объекта выполняется как при отсутствии отладочных данных
libjpeg.lib(jidctflt.obj) : warning LNK4099: "libjpeg.pdb" PDB не найден с "libjpeg.lib(jidctflt.obj)" или на "E:\Projects\checker\libjpeg.pdb"; компоновка объекта выполняется как при отсутствии отладочных данных
libjpeg.lib(jidctfst.obj) : warning LNK4099: "libjpeg.pdb" PDB не найден с "libjpeg.lib(jidctfst.obj)" или на "E:\Projects\checker\libjpeg.pdb"; компоновка объекта выполняется как при отсутствии отладочных данных
libjpeg.lib(jidctint.obj) : warning LNK4099: "libjpeg.pdb" PDB не найден с "libjpeg.lib(jidctint.obj)" или на "E:\Projects\checker\libjpeg.pdb"; компоновка объекта выполняется как при отсутствии отладочных данных
libjpeg.lib(jidctred.obj) : warning LNK4099: "libjpeg.pdb" PDB не найден с "libjpeg.lib(jidctred.obj)" или на "E:\Projects\checker\libjpeg.pdb"; компоновка объекта выполняется как при отсутствии отладочных данных
libjpeg.lib(jmemansi.obj) : warning LNK4099: "libjpeg.pdb" PDB не найден с "libjpeg.lib(jmemansi.obj)" или на "E:\Projects\checker\libjpeg.pdb"; компоновка объекта выполняется как при отсутствии отладочных данных
libjpeg.lib(jmemmgr.obj) : warning LNK4099: "libjpeg.pdb" PDB не найден с "libjpeg.lib(jmemmgr.obj)" или на "E:\Projects\checker\libjpeg.pdb"; компоновка объекта выполняется как при отсутствии отладочных данных
libjpeg.lib(jquant1.obj) : warning LNK4099: "libjpeg.pdb" PDB не найден с "libjpeg.lib(jquant1.obj)" или на "E:\Projects\checker\libjpeg.pdb"; компоновка объекта выполняется как при отсутствии отладочных данных
libjpeg.lib(jquant2.obj) : warning LNK4099: "libjpeg.pdb" PDB не найден с "libjpeg.lib(jquant2.obj)" или на "E:\Projects\checker\libjpeg.pdb"; компоновка объекта выполняется как при отсутствии отладочных данных
libjpeg.lib(jutils.obj) : warning LNK4099: "libjpeg.pdb" PDB не найден с "libjpeg.lib(jutils.obj)" или на "E:\Projects\checker\libjpeg.pdb"; компоновка объекта выполняется как при отсутствии отладочных данных
libpng.lib(png.obj) : warning LNK4099: "libpng.pdb" PDB не найден с "libpng.lib(png.obj)" или на "E:\Projects\checker\libpng.pdb"; компоновка объекта выполняется как при отсутствии отладочных данных
libpng.lib(pngerror.obj) : warning LNK4099: "libpng.pdb" PDB не найден с "libpng.lib(pngerror.obj)" или на "E:\Projects\checker\libpng.pdb"; компоновка объекта выполняется как при отсутствии отладочных данных
libpng.lib(pngget.obj) : warning LNK4099: "libpng.pdb" PDB не найден с "libpng.lib(pngget.obj)" или на "E:\Projects\checker\libpng.pdb"; компоновка объекта выполняется как при отсутствии отладочных данных
libpng.lib(pngmem.obj) : warning LNK4099: "libpng.pdb" PDB не найден с "libpng.lib(pngmem.obj)" или на "E:\Projects\checker\libpng.pdb"; компоновка объекта выполняется как при отсутствии отладочных данных
libpng.lib(pngread.obj) : warning LNK4099: "libpng.pdb" PDB не найден с "libpng.lib(pngread.obj)" или на "E:\Projects\checker\libpng.pdb"; компоновка объекта выполняется как при отсутствии отладочных данных
libpng.lib(pngrio.obj) : warning LNK4099: "libpng.pdb" PDB не найден с "libpng.lib(pngrio.obj)" или на "E:\Projects\checker\libpng.pdb"; компоновка объекта выполняется как при отсутствии отладочных данных
libpng.lib(pngrtran.obj) : warning LNK4099: "libpng.pdb" PDB не найден с "libpng.lib(pngrtran.obj)" или на "E:\Projects\checker\libpng.pdb"; компоновка объекта выполняется как при отсутствии отладочных данных
libpng.lib(pngrutil.obj) : warning LNK4099: "libpng.pdb" PDB не найден с "libpng.lib(pngrutil.obj)" или на "E:\Projects\checker\libpng.pdb"; компоновка объекта выполняется как при отсутствии отладочных данных
libpng.lib(pngset.obj) : warning LNK4099: "libpng.pdb" PDB не найден с "libpng.lib(pngset.obj)" или на "E:\Projects\checker\libpng.pdb"; компоновка объекта выполняется как при отсутствии отладочных данных
libpng.lib(pngtrans.obj) : warning LNK4099: "libpng.pdb" PDB не найден с "libpng.lib(pngtrans.obj)" или на "E:\Projects\checker\libpng.pdb"; компоновка объекта выполняется как при отсутствии отладочных данных
libpng.lib(pngwio.obj) : warning LNK4099: "libpng.pdb" PDB не найден с "libpng.lib(pngwio.obj)" или на "E:\Projects\checker\libpng.pdb"; компоновка объекта выполняется как при отсутствии отладочных данных
libpng.lib(pngwrite.obj) : warning LNK4099: "libpng.pdb" PDB не найден с "libpng.lib(pngwrite.obj)" или на "E:\Projects\checker\libpng.pdb"; компоновка объекта выполняется как при отсутствии отладочных данных
libpng.lib(pngwtran.obj) : warning LNK4099: "libpng.pdb" PDB не найден с "libpng.lib(pngwtran.obj)" или на "E:\Projects\checker\libpng.pdb"; компоновка объекта выполняется как при отсутствии отладочных данных
libpng.lib(pngwutil.obj) : warning LNK4099: "libpng.pdb" PDB не найден с "libpng.lib(pngwutil.obj)" или на "E:\Projects\checker\libpng.pdb"; компоновка объекта выполняется как при отсутствии отладочных данных
libtiff.lib(tif_aux.obj) : warning LNK4099: "libtiff.pdb" PDB не найден с "libtiff.lib(tif_aux.obj)" или на "E:\Projects\checker\libtiff.pdb"; компоновка объекта выполняется как при отсутствии отладочных данных
libtiff.lib(tif_close.obj) : warning LNK4099: "libtiff.pdb" PDB не найден с "libtiff.lib(tif_close.obj)" или на "E:\Projects\checker\libtiff.pdb"; компоновка объекта выполняется как при отсутствии отладочных данных
libtiff.lib(tif_codec.obj) : warning LNK4099: "libtiff.pdb" PDB не найден с "libtiff.lib(tif_codec.obj)" или на "E:\Projects\checker\libtiff.pdb"; компоновка объекта выполняется как при отсутствии отладочных данных
libtiff.lib(tif_color.obj) : warning LNK4099: "libtiff.pdb" PDB не найден с "libtiff.lib(tif_color.obj)" или на "E:\Projects\checker\libtiff.pdb"; компоновка объекта выполняется как при отсутствии отладочных данных
libtiff.lib(tif_compress.obj) : warning LNK4099: "libtiff.pdb" PDB не найден с "libtiff.lib(tif_compress.obj)" или на "E:\Projects\checker\libtiff.pdb"; компоновка объекта выполняется как при отсутствии отладочных данных
libtiff.lib(tif_dir.obj) : warning LNK4099: "libtiff.pdb" PDB не найден с "libtiff.lib(tif_dir.obj)" или на "E:\Projects\checker\libtiff.pdb"; компоновка объекта выполняется как при отсутствии отладочных данных
libtiff.lib(tif_dirinfo.obj) : warning LNK4099: "libtiff.pdb" PDB не найден с "libtiff.lib(tif_dirinfo.obj)" или на "E:\Projects\checker\libtiff.pdb"; компоновка объекта выполняется как при отсутствии отладочных данных
libtiff.lib(tif_dirread.obj) : warning LNK4099: "libtiff.pdb" PDB не найден с "libtiff.lib(tif_dirread.obj)" или на "E:\Projects\checker\libtiff.pdb"; компоновка объекта выполняется как при отсутствии отладочных данных
libtiff.lib(tif_dirwrite.obj) : warning LNK4099: "libtiff.pdb" PDB не найден с "libtiff.lib(tif_dirwrite.obj)" или на "E:\Projects\checker\libtiff.pdb"; компоновка объекта выполняется как при отсутствии отладочных данных
libtiff.lib(tif_dumpmode.obj) : warning LNK4099: "libtiff.pdb" PDB не найден с "libtiff.lib(tif_dumpmode.obj)" или на "E:\Projects\checker\libtiff.pdb"; компоновка объекта выполняется как при отсутствии отладочных данных
libtiff.lib(tif_error.obj) : warning LNK4099: "libtiff.pdb" PDB не найден с "libtiff.lib(tif_error.obj)" или на "E:\Projects\checker\libtiff.pdb"; компоновка объекта выполняется как при отсутствии отладочных данных
libtiff.lib(tif_fax3.obj) : warning LNK4099: "libtiff.pdb" PDB не найден с "libtiff.lib(tif_fax3.obj)" или на "E:\Projects\checker\libtiff.pdb"; компоновка объекта выполняется как при отсутствии отладочных данных
libtiff.lib(tif_fax3sm.obj) : warning LNK4099: "libtiff.pdb" PDB не найден с "libtiff.lib(tif_fax3sm.obj)" или на "E:\Projects\checker\libtiff.pdb"; компоновка объекта выполняется как при отсутствии отладочных данных
libtiff.lib(tif_flush.obj) : warning LNK4099: "libtiff.pdb" PDB не найден с "libtiff.lib(tif_flush.obj)" или на "E:\Projects\checker\libtiff.pdb"; компоновка объекта выполняется как при отсутствии отладочных данных
libtiff.lib(tif_getimage.obj) : warning LNK4099: "libtiff.pdb" PDB не найден с "libtiff.lib(tif_getimage.obj)" или на "E:\Projects\checker\libtiff.pdb"; компоновка объекта выполняется как при отсутствии отладочных данных
libtiff.lib(tif_luv.obj) : warning LNK4099: "libtiff.pdb" PDB не найден с "libtiff.lib(tif_luv.obj)" или на "E:\Projects\checker\libtiff.pdb"; компоновка объекта выполняется как при отсутствии отладочных данных
libtiff.lib(tif_lzw.obj) : warning LNK4099: "libtiff.pdb" PDB не найден с "libtiff.lib(tif_lzw.obj)" или на "E:\Projects\checker\libtiff.pdb"; компоновка объекта выполняется как при отсутствии отладочных данных
libtiff.lib(tif_next.obj) : warning LNK4099: "libtiff.pdb" PDB не найден с "libtiff.lib(tif_next.obj)" или на "E:\Projects\checker\libtiff.pdb"; компоновка объекта выполняется как при отсутствии отладочных данных
libtiff.lib(tif_open.obj) : warning LNK4099: "libtiff.pdb" PDB не найден с "libtiff.lib(tif_open.obj)" или на "E:\Projects\checker\libtiff.pdb"; компоновка объекта выполняется как при отсутствии отладочных данных
libtiff.lib(tif_packbits.obj) : warning LNK4099: "libtiff.pdb" PDB не найден с "libtiff.lib(tif_packbits.obj)" или на "E:\Projects\checker\libtiff.pdb"; компоновка объекта выполняется как при отсутствии отладочных данных
libtiff.lib(tif_pixarlog.obj) : warning LNK4099: "libtiff.pdb" PDB не найден с "libtiff.lib(tif_pixarlog.obj)" или на "E:\Projects\checker\libtiff.pdb"; компоновка объекта выполняется как при отсутствии отладочных данных
libtiff.lib(tif_predict.obj) : warning LNK4099: "libtiff.pdb" PDB не найден с "libtiff.lib(tif_predict.obj)" или на "E:\Projects\checker\libtiff.pdb"; компоновка объекта выполняется как при отсутствии отладочных данных
libtiff.lib(tif_read.obj) : warning LNK4099: "libtiff.pdb" PDB не найден с "libtiff.lib(tif_read.obj)" или на "E:\Projects\checker\libtiff.pdb"; компоновка объекта выполняется как при отсутствии отладочных данных
libtiff.lib(tif_strip.obj) : warning LNK4099: "libtiff.pdb" PDB не найден с "libtiff.lib(tif_strip.obj)" или на "E:\Projects\checker\libtiff.pdb"; компоновка объекта выполняется как при отсутствии отладочных данных
libtiff.lib(tif_swab.obj) : warning LNK4099: "libtiff.pdb" PDB не найден с "libtiff.lib(tif_swab.obj)" или на "E:\Projects\checker\libtiff.pdb"; компоновка объекта выполняется как при отсутствии отладочных данных
libtiff.lib(tif_thunder.obj) : warning LNK4099: "libtiff.pdb" PDB не найден с "libtiff.lib(tif_thunder.obj)" или на "E:\Projects\checker\libtiff.pdb"; компоновка объекта выполняется как при отсутствии отладочных данных
libtiff.lib(tif_tile.obj) : warning LNK4099: "libtiff.pdb" PDB не найден с "libtiff.lib(tif_tile.obj)" или на "E:\Projects\checker\libtiff.pdb"; компоновка объекта выполняется как при отсутствии отладочных данных
libtiff.lib(tif_warning.obj) : warning LNK4099: "libtiff.pdb" PDB не найден с "libtiff.lib(tif_warning.obj)" или на "E:\Projects\checker\libtiff.pdb"; компоновка объекта выполняется как при отсутствии отладочных данных
libtiff.lib(tif_write.obj) : warning LNK4099: "libtiff.pdb" PDB не найден с "libtiff.lib(tif_write.obj)" или на "E:\Projects\checker\libtiff.pdb"; компоновка объекта выполняется как при отсутствии отладочных данных
libtiff.lib(tif_zip.obj) : warning LNK4099: "libtiff.pdb" PDB не найден с "libtiff.lib(tif_zip.obj)" или на "E:\Projects\checker\libtiff.pdb"; компоновка объекта выполняется как при отсутствии отладочных данных
libtiff.lib(tif_win32.obj) : warning LNK4099: "libtiff.pdb" PDB не найден с "libtiff.lib(tif_win32.obj)" или на "E:\Projects\checker\libtiff.pdb"; компоновка объекта выполняется как при отсутствии отладочных данных
opencv_core2413.lib(alloc.obj) : warning LNK4099: "opencv_core2413.pdb" PDB не найден с "opencv_core2413.lib(alloc.obj)" или на "E:\Projects\checker\opencv_core2413.pdb"; компоновка объекта выполняется как при отсутствии отладочных данных
opencv_core2413.lib(arithm.obj) : warning LNK4099: "opencv_core2413.pdb" PDB не найден с "opencv_core2413.lib(arithm.obj)" или на "E:\Projects\checker\opencv_core2413.pdb"; компоновка объекта выполняется как при отсутствии отладочных данных
opencv_core2413.lib(array.obj) : warning LNK4099: "opencv_core2413.pdb" PDB не найден с "opencv_core2413.lib(array.obj)" или на "E:\Projects\checker\opencv_core2413.pdb"; компоновка объекта выполняется как при отсутствии отладочных данных
opencv_core2413.lib(convert.obj) : warning LNK4099: "opencv_core2413.pdb" PDB не найден с "opencv_core2413.lib(convert.obj)" или на "E:\Projects\checker\opencv_core2413.pdb"; компоновка объекта выполняется как при отсутствии отладочных данных
opencv_core2413.lib(copy.obj) : warning LNK4099: "opencv_core2413.pdb" PDB не найден с "opencv_core2413.lib(copy.obj)" или на "E:\Projects\checker\opencv_core2413.pdb"; компоновка объекта выполняется как при отсутствии отладочных данных
opencv_core2413.lib(datastructs.obj) : warning LNK4099: "opencv_core2413.pdb" PDB не найден с "opencv_core2413.lib(datastructs.obj)" или на "E:\Projects\checker\opencv_core2413.pdb"; компоновка объекта выполняется как при отсутствии отладочных данных
opencv_core2413.lib(drawing.obj) : warning LNK4099: "opencv_core2413.pdb" PDB не найден с "opencv_core2413.lib(drawing.obj)" или на "E:\Projects\checker\opencv_core2413.pdb"; компоновка объекта выполняется как при отсутствии отладочных данных
opencv_core2413.lib(dxt.obj) : warning LNK4099: "opencv_core2413.pdb" PDB не найден с "opencv_core2413.lib(dxt.obj)" или на "E:\Projects\checker\opencv_core2413.pdb"; компоновка объекта выполняется как при отсутствии отладочных данных
opencv_core2413.lib(gpumat.obj) : warning LNK4099: "opencv_core2413.pdb" PDB не найден с "opencv_core2413.lib(gpumat.obj)" или на "E:\Projects\checker\opencv_core2413.pdb"; компоновка объекта выполняется как при отсутствии отладочных данных
opencv_core2413.lib(lapack.obj) : warning LNK4099: "opencv_core2413.pdb" PDB не найден с "opencv_core2413.lib(lapack.obj)" или на "E:\Projects\checker\opencv_core2413.pdb"; компоновка объекта выполняется как при отсутствии отладочных данных
opencv_core2413.lib(mathfuncs.obj) : warning LNK4099: "opencv_core2413.pdb" PDB не найден с "opencv_core2413.lib(mathfuncs.obj)" или на "E:\Projects\checker\opencv_core2413.pdb"; компоновка объекта выполняется как при отсутствии отладочных данных
opencv_core2413.lib(matmul.obj) : warning LNK4099: "opencv_core2413.pdb" PDB не найден с "opencv_core2413.lib(matmul.obj)" или на "E:\Projects\checker\opencv_core2413.pdb"; компоновка объекта выполняется как при отсутствии отладочных данных
opencv_core2413.lib(matop.obj) : warning LNK4099: "opencv_core2413.pdb" PDB не найден с "opencv_core2413.lib(matop.obj)" или на "E:\Projects\checker\opencv_core2413.pdb"; компоновка объекта выполняется как при отсутствии отладочных данных
opencv_core2413.lib(matrix.obj) : warning LNK4099: "opencv_core2413.pdb" PDB не найден с "opencv_core2413.lib(matrix.obj)" или на "E:\Projects\checker\opencv_core2413.pdb"; компоновка объекта выполняется как при отсутствии отладочных данных
opencv_core2413.lib(opengl_interop.obj) : warning LNK4099: "opencv_core2413.pdb" PDB не найден с "opencv_core2413.lib(opengl_interop.obj)" или на "E:\Projects\checker\opencv_core2413.pdb"; компоновка объекта выполняется как при отсутствии отладочных данных
opencv_core2413.lib(opengl_interop_deprecated.obj) : warning LNK4099: "opencv_core2413.pdb" PDB не найден с "opencv_core2413.lib(opengl_interop_deprecated.obj)" или на "E:\Projects\checker\opencv_core2413.pdb"; компоновка объекта выполняется как при отсутствии отладочных данных
opencv_core2413.lib(parallel.obj) : warning LNK4099: "opencv_core2413.pdb" PDB не найден с "opencv_core2413.lib(parallel.obj)" или на "E:\Projects\checker\opencv_core2413.pdb"; компоновка объекта выполняется как при отсутствии отладочных данных
opencv_core2413.lib(persistence.obj) : warning LNK4099: "opencv_core2413.pdb" PDB не найден с "opencv_core2413.lib(persistence.obj)" или на "E:\Projects\checker\opencv_core2413.pdb"; компоновка объекта выполняется как при отсутствии отладочных данных
opencv_core2413.lib(rand.obj) : warning LNK4099: "opencv_core2413.pdb" PDB не найден с "opencv_core2413.lib(rand.obj)" или на "E:\Projects\checker\opencv_core2413.pdb"; компоновка объекта выполняется как при отсутствии отладочных данных
opencv_core2413.lib(stat.obj) : warning LNK4099: "opencv_core2413.pdb" PDB не найден с "opencv_core2413.lib(stat.obj)" или на "E:\Projects\checker\opencv_core2413.pdb"; компоновка объекта выполняется как при отсутствии отладочных данных
opencv_core2413.lib(system.obj) : warning LNK4099: "opencv_core2413.pdb" PDB не найден с "opencv_core2413.lib(system.obj)" или на "E:\Projects\checker\opencv_core2413.pdb"; компоновка объекта выполняется как при отсутствии отладочных данных
opencv_core2413.lib(tables.obj) : warning LNK4099: "opencv_core2413.pdb" PDB не найден с "opencv_core2413.lib(tables.obj)" или на "E:\Projects\checker\opencv_core2413.pdb"; компоновка объекта выполняется как при отсутствии отладочных данных
opencv_core2413.lib(opencv_core_pch.obj) : warning LNK4099: "opencv_core2413.pdb" PDB не найден с "opencv_core2413.lib(opencv_core_pch.obj)" или на "E:\Projects\checker\opencv_core2413.pdb"; компоновка объекта выполняется как при отсутствии отладочных данных
opencv_highgui2413.lib(cap.obj) : warning LNK4099: "opencv_highgui2413.pdb" PDB не найден с "opencv_highgui2413.lib(cap.obj)" или на "E:\Projects\checker\opencv_highgui2413.pdb"; компоновка объекта выполняется как при отсутствии отладочных данных
opencv_highgui2413.lib(cap_images.obj) : warning LNK4099: "opencv_highgui2413.pdb" PDB не найден с "opencv_highgui2413.lib(cap_images.obj)" или на "E:\Projects\checker\opencv_highgui2413.pdb"; компоновка объекта выполняется как при отсутствии отладочных данных
opencv_highgui2413.lib(loadsave.obj) : warning LNK4099: "opencv_highgui2413.pdb" PDB не найден с "opencv_highgui2413.lib(loadsave.obj)" или на "E:\Projects\checker\opencv_highgui2413.pdb"; компоновка объекта выполняется как при отсутствии отладочных данных
opencv_highgui2413.lib(utils.obj) : warning LNK4099: "opencv_highgui2413.pdb" PDB не найден с "opencv_highgui2413.lib(utils.obj)" или на "E:\Projects\checker\opencv_highgui2413.pdb"; компоновка объекта выполняется как при отсутствии отладочных данных
opencv_highgui2413.lib(window.obj) : warning LNK4099: "opencv_highgui2413.pdb" PDB не найден с "opencv_highgui2413.lib(window.obj)" или на "E:\Projects\checker\opencv_highgui2413.pdb"; компоновка объекта выполняется как при отсутствии отладочных данных
opencv_highgui2413.lib(window_w32.obj) : warning LNK4099: "opencv_highgui2413.pdb" PDB не найден с "opencv_highgui2413.lib(window_w32.obj)" или на "E:\Projects\checker\opencv_highgui2413.pdb"; компоновка объекта выполняется как при отсутствии отладочных данных
opencv_highgui2413.lib(cap_dshow.obj) : warning LNK4099: "opencv_highgui2413.pdb" PDB не найден с "opencv_highgui2413.lib(cap_dshow.obj)" или на "E:\Projects\checker\opencv_highgui2413.pdb"; компоновка объекта выполняется как при отсутствии отладочных данных
opencv_highgui2413.lib(cap_vfw.obj) : warning LNK4099: "opencv_highgui2413.pdb" PDB не найден с "opencv_highgui2413.lib(cap_vfw.obj)" или на "E:\Projects\checker\opencv_highgui2413.pdb"; компоновка объекта выполняется как при отсутствии отладочных данных
opencv_highgui2413.lib(cap_ffmpeg.obj) : warning LNK4099: "opencv_highgui2413.pdb" PDB не найден с "opencv_highgui2413.lib(cap_ffmpeg.obj)" или на "E:\Projects\checker\opencv_highgui2413.pdb"; компоновка объекта выполняется как при отсутствии отладочных данных
opencv_highgui2413.lib(grfmt_base.obj) : warning LNK4099: "opencv_highgui2413.pdb" PDB не найден с "opencv_highgui2413.lib(grfmt_base.obj)" или на "E:\Projects\checker\opencv_highgui2413.pdb"; компоновка объекта выполняется как при отсутствии отладочных данных
opencv_highgui2413.lib(grfmt_bmp.obj) : warning LNK4099: "opencv_highgui2413.pdb" PDB не найден с "opencv_highgui2413.lib(grfmt_bmp.obj)" или на "E:\Projects\checker\opencv_highgui2413.pdb"; компоновка объекта выполняется как при отсутствии отладочных данных
opencv_highgui2413.lib(grfmt_exr.obj) : warning LNK4099: "opencv_highgui2413.pdb" PDB не найден с "opencv_highgui2413.lib(grfmt_exr.obj)" или на "E:\Projects\checker\opencv_highgui2413.pdb"; компоновка объекта выполняется как при отсутствии отладочных данных
opencv_highgui2413.lib(grfmt_jpeg.obj) : warning LNK4099: "opencv_highgui2413.pdb" PDB не найден с "opencv_highgui2413.lib(grfmt_jpeg.obj)" или на "E:\Projects\checker\opencv_highgui2413.pdb"; компоновка объекта выполняется как при отсутствии отладочных данных
opencv_highgui2413.lib(grfmt_jpeg2000.obj) : warning LNK4099: "opencv_highgui2413.pdb" PDB не найден с "opencv_highgui2413.lib(grfmt_jpeg2000.obj)" или на "E:\Projects\checker\opencv_highgui2413.pdb"; компоновка объекта выполняется как при отсутствии отладочных данных
opencv_highgui2413.lib(grfmt_png.obj) : warning LNK4099: "opencv_highgui2413.pdb" PDB не найден с "opencv_highgui2413.lib(grfmt_png.obj)" или на "E:\Projects\checker\opencv_highgui2413.pdb"; компоновка объекта выполняется как при отсутствии отладочных данных
opencv_highgui2413.lib(grfmt_pxm.obj) : warning LNK4099: "opencv_highgui2413.pdb" PDB не найден с "opencv_highgui2413.lib(grfmt_pxm.obj)" или на "E:\Projects\checker\opencv_highgui2413.pdb"; компоновка объекта выполняется как при отсутствии отладочных данных
opencv_highgui2413.lib(grfmt_sunras.obj) : warning LNK4099: "opencv_highgui2413.pdb" PDB не найден с "opencv_highgui2413.lib(grfmt_sunras.obj)" или на "E:\Projects\checker\opencv_highgui2413.pdb"; компоновка объекта выполняется как при отсутствии отладочных данных
opencv_highgui2413.lib(grfmt_tiff.obj) : warning LNK4099: "opencv_highgui2413.pdb" PDB не найден с "opencv_highgui2413.lib(grfmt_tiff.obj)" или на "E:\Projects\checker\opencv_highgui2413.pdb"; компоновка объекта выполняется как при отсутствии отладочных данных
opencv_highgui2413.lib(bitstrm.obj) : warning LNK4099: "opencv_highgui2413.pdb" PDB не найден с "opencv_highgui2413.lib(bitstrm.obj)" или на "E:\Projects\checker\opencv_highgui2413.pdb"; компоновка объекта выполняется как при отсутствии отладочных данных
opencv_highgui2413.lib(opencv_highgui_pch.obj) : warning LNK4099: "opencv_highgui2413.pdb" PDB не найден с "opencv_highgui2413.lib(opencv_highgui_pch.obj)" или на "E:\Projects\checker\opencv_highgui2413.pdb"; компоновка объекта выполняется как при отсутствии отладочных данных
opencv_imgproc2413.lib(imgwarp_avx.obj) : warning LNK4099: "opencv_imgproc2413.pdb" PDB не найден с "opencv_imgproc2413.lib(imgwarp_avx.obj)" или на "E:\Projects\checker\opencv_imgproc2413.pdb"; компоновка объекта выполняется как при отсутствии отладочных данных
opencv_imgproc2413.lib(imgwarp_avx2.obj) : warning LNK4099: "opencv_imgproc2413.pdb" PDB не найден с "opencv_imgproc2413.lib(imgwarp_avx2.obj)" или на "E:\Projects\checker\opencv_imgproc2413.pdb"; компоновка объекта выполняется как при отсутствии отладочных данных
opencv_imgproc2413.lib(deriv.obj) : warning LNK4099: "opencv_imgproc2413.pdb" PDB не найден с "opencv_imgproc2413.lib(deriv.obj)" или на "E:\Projects\checker\opencv_imgproc2413.pdb"; компоновка объекта выполняется как при отсутствии отладочных данных
opencv_imgproc2413.lib(filter.obj) : warning LNK4099: "opencv_imgproc2413.pdb" PDB не найден с "opencv_imgproc2413.lib(filter.obj)" или на "E:\Projects\checker\opencv_imgproc2413.pdb"; компоновка объекта выполняется как при отсутствии отладочных данных
opencv_imgproc2413.lib(imgwarp.obj) : warning LNK4099: "opencv_imgproc2413.pdb" PDB не найден с "opencv_imgproc2413.lib(imgwarp.obj)" или на "E:\Projects\checker\opencv_imgproc2413.pdb"; компоновка объекта выполняется как при отсутствии отладочных данных
opencv_imgproc2413.lib(morph.obj) : warning LNK4099: "opencv_imgproc2413.pdb" PDB не найден с "opencv_imgproc2413.lib(morph.obj)" или на "E:\Projects\checker\opencv_imgproc2413.pdb"; компоновка объекта выполняется как при отсутствии отладочных данных
opencv_imgproc2413.lib(smooth.obj) : warning LNK4099: "opencv_imgproc2413.pdb" PDB не найден с "opencv_imgproc2413.lib(smooth.obj)" или на "E:\Projects\checker\opencv_imgproc2413.pdb"; компоновка объекта выполняется как при отсутствии отладочных данных
opencv_imgproc2413.lib(sumpixels.obj) : warning LNK4099: "opencv_imgproc2413.pdb" PDB не найден с "opencv_imgproc2413.lib(sumpixels.obj)" или на "E:\Projects\checker\opencv_imgproc2413.pdb"; компоновка объекта выполняется как при отсутствии отладочных данных
opencv_imgproc2413.lib(tables.obj) : warning LNK4099: "opencv_imgproc2413.pdb" PDB не найден с "opencv_imgproc2413.lib(tables.obj)" или на "E:\Projects\checker\opencv_imgproc2413.pdb"; компоновка объекта выполняется как при отсутствии отладочных данных
opencv_imgproc2413.lib(templmatch.obj) : warning LNK4099: "opencv_imgproc2413.pdb" PDB не найден с "opencv_imgproc2413.lib(templmatch.obj)" или на "E:\Projects\checker\opencv_imgproc2413.pdb"; компоновка объекта выполняется как при отсутствии отладочных данных
opencv_imgproc2413.lib(utils.obj) : warning LNK4099: "opencv_imgproc2413.pdb" PDB не найден с "opencv_imgproc2413.lib(utils.obj)" или на "E:\Projects\checker\opencv_imgproc2413.pdb"; компоновка объекта выполняется как при отсутствии отладочных данных
opencv_imgproc2413.lib(opencv_imgproc_pch.obj) : warning LNK4099: "opencv_imgproc2413.pdb" PDB не найден с "opencv_imgproc2413.lib(opencv_imgproc_pch.obj)" или на "E:\Projects\checker\opencv_imgproc2413.pdb"; компоновка объекта выполняется как при отсутствии отладочных данных
zlib.lib(adler32.obj) : warning LNK4099: "zlib.pdb" PDB не найден с "zlib.lib(adler32.obj)" или на "E:\Projects\checker\zlib.pdb"; компоновка объекта выполняется как при отсутствии отладочных данных
zlib.lib(compress.obj) : warning LNK4099: "zlib.pdb" PDB не найден с "zlib.lib(compress.obj)" или на "E:\Projects\checker\zlib.pdb"; компоновка объекта выполняется как при отсутствии отладочных данных
zlib.lib(crc32.obj) : warning LNK4099: "zlib.pdb" PDB не найден с "zlib.lib(crc32.obj)" или на "E:\Projects\checker\zlib.pdb"; компоновка объекта выполняется как при отсутствии отладочных данных
zlib.lib(deflate.obj) : warning LNK4099: "zlib.pdb" PDB не найден с "zlib.lib(deflate.obj)" или на "E:\Projects\checker\zlib.pdb"; компоновка объекта выполняется как при отсутствии отладочных данных
zlib.lib(gzclose.obj) : warning LNK4099: "zlib.pdb" PDB не найден с "zlib.lib(gzclose.obj)" или на "E:\Projects\checker\zlib.pdb"; компоновка объекта выполняется как при отсутствии отладочных данных
zlib.lib(gzlib.obj) : warning LNK4099: "zlib.pdb" PDB не найден с "zlib.lib(gzlib.obj)" или на "E:\Projects\checker\zlib.pdb"; компоновка объекта выполняется как при отсутствии отладочных данных
zlib.lib(gzread.obj) : warning LNK4099: "zlib.pdb" PDB не найден с "zlib.lib(gzread.obj)" или на "E:\Projects\checker\zlib.pdb"; компоновка объекта выполняется как при отсутствии отладочных данных
zlib.lib(gzwrite.obj) : warning LNK4099: "zlib.pdb" PDB не найден с "zlib.lib(gzwrite.obj)" или на "E:\Projects\checker\zlib.pdb"; компоновка объекта выполняется как при отсутствии отладочных данных
zlib.lib(inflate.obj) : warning LNK4099: "zlib.pdb" PDB не найден с "zlib.lib(inflate.obj)" или на "E:\Projects\checker\zlib.pdb"; компоновка объекта выполняется как при отсутствии отладочных данных
zlib.lib(inftrees.obj) : warning LNK4099: "zlib.pdb" PDB не найден с "zlib.lib(inftrees.obj)" или на "E:\Projects\checker\zlib.pdb"; компоновка объекта выполняется как при отсутствии отладочных данных
zlib.lib(inffast.obj) : warning LNK4099: "zlib.pdb" PDB не найден с "zlib.lib(inffast.obj)" или на "E:\Projects\checker\zlib.pdb"; компоновка объекта выполняется как при отсутствии отладочных данных
zlib.lib(trees.obj) : warning LNK4099: "zlib.pdb" PDB не найден с "zlib.lib(trees.obj)" или на "E:\Projects\checker\zlib.pdb"; компоновка объекта выполняется как при отсутствии отладочных данных
zlib.lib(uncompr.obj) : warning LNK4099: "zlib.pdb" PDB не найден с "zlib.lib(uncompr.obj)" или на "E:\Projects\checker\zlib.pdb"; компоновка объекта выполняется как при отсутствии отладочных данных
zlib.lib(zutil.obj) : warning LNK4099: "zlib.pdb" PDB не найден с "zlib.lib(zutil.obj)" или на "E:\Projects\checker\zlib.pdb"; компоновка объекта выполняется как при отсутствии отладочных данных
  project.vcxproj -> E:\Projects\checker\vs2013\\..\checker.exe
  project.vcxproj -> E:\Projects\checker\vs2013\\..\checker.pdb (Full PDB)
